d:\programing\게임소프트웨어공학\simplegame\simplegame\x64\debug\simplegame.pch
d:\programing\게임소프트웨어공학\simplegame\simplegame\x64\debug\vc141.pdb
d:\programing\게임소프트웨어공학\simplegame\simplegame\x64\debug\vc141.idb
d:\programing\게임소프트웨어공학\simplegame\simplegame\x64\debug\stdafx.obj
d:\programing\게임소프트웨어공학\simplegame\simplegame\x64\debug\simplegame.obj
d:\mysource\gse_2_2013182030\simplegame\simplegame\x64\debug\simplegame.pch
d:\mysource\gse_2_2013182030\simplegame\simplegame\x64\debug\vc141.pdb
d:\mysource\gse_2_2013182030\simplegame\simplegame\x64\debug\vc141.idb
d:\mysource\gse_2_2013182030\simplegame\simplegame\x64\debug\stdafx.obj
d:\mysource\gse_2_2013182030\simplegame\simplegame\x64\debug\framework.obj
d:\mysource\gse_2_2013182030\simplegame\simplegame\x64\debug\gametimer.obj
d:\mysource\gse_2_2013182030\simplegame\simplegame\x64\debug\simplegame.obj
d:\programing\게임소프트웨어공학\simplegame\x64\debug\simplegame.exe
d:\programing\게임소프트웨어공학\simplegame\x64\debug\simplegame.ilk
d:\programing\게임소프트웨어공학\simplegame\x64\debug\simplegame.pdb
d:\mysource\gse_2_2013182030\simplegame\x64\debug\simplegame.pdb
d:\mysource\gse_2_2013182030\simplegame\simplegame\x64\debug\simplegame.tlog\cl.command.1.tlog
d:\mysource\gse_2_2013182030\simplegame\simplegame\x64\debug\simplegame.tlog\cl.read.1.tlog
d:\mysource\gse_2_2013182030\simplegame\simplegame\x64\debug\simplegame.tlog\cl.write.1.tlog
d:\mysource\gse_2_2013182030\simplegame\simplegame\x64\debug\simplegame.tlog\link-cvtres.read.1.tlog
d:\mysource\gse_2_2013182030\simplegame\simplegame\x64\debug\simplegame.tlog\link-cvtres.write.1.tlog
d:\mysource\gse_2_2013182030\simplegame\simplegame\x64\debug\simplegame.tlog\link-rc.read.1.tlog
d:\mysource\gse_2_2013182030\simplegame\simplegame\x64\debug\simplegame.tlog\link-rc.write.1.tlog
d:\mysource\gse_2_2013182030\simplegame\simplegame\x64\debug\simplegame.tlog\link.command.1.tlog
d:\mysource\gse_2_2013182030\simplegame\simplegame\x64\debug\simplegame.tlog\link.read.1.tlog
d:\mysource\gse_2_2013182030\simplegame\simplegame\x64\debug\simplegame.tlog\link.write.1.tlog
